Using pre-set license
Built from '2020.3/staging' branch; Version is '2020.3.4f1 (0abb6314276a) revision 703331'; Using compiler version '192528614'; Build Type 'Release'
OS: 'Windows 10 Pro; OS build 19043.1415; Version 2009; 64bit' Language: 'en' Physical Memory: 16259 MB
BatchMode: 1, IsHumanControllingUs: 0, StartBugReporterOnCrash: 0, Is64bit: 1, IsPro: 0

 COMMAND LINE ARGUMENTS:
C:\Program Files\Unity\Hub\Editor\2020.3.4f1\Editor\Unity.exe
-adb2
-batchMode
-noUpm
-name
AssetImportWorker0
-projectPath
C:/Users/65966/Desktop/FREE-MONEY-INC/Project
-logFile
Logs/AssetImportWorker0.log
-srvPort
64197
Successfully changed project path to: C:/Users/65966/Desktop/FREE-MONEY-INC/Project
C:/Users/65966/Desktop/FREE-MONEY-INC/Project
Using Asset Import Pipeline V2.
Refreshing native plugins compatible for Editor in 60.40 ms, found 1 plugins.
Preloading 0 native plugins for Editor in 0.00 ms.
Initialize engine version: 2020.3.4f1 (0abb6314276a)
[Subsystems] Discovering subsystems at path C:/Program Files/Unity/Hub/Editor/2020.3.4f1/Editor/Data/Resources/UnitySubsystems
[Subsystems] Discovering subsystems at path C:/Users/65966/Desktop/FREE-MONEY-INC/Project/Assets
GfxDevice: creating device client; threaded=0
Direct3D:
    Version:  Direct3D 11.0 [level 11.1]
    Renderer: NVIDIA GeForce RTX 2060 (ID=0x1f11)
    Vendor:   
    VRAM:     5980 MB
    Driver:   27.21.14.6280
Initialize mono
Mono path[0] = 'C:/Program Files/Unity/Hub/Editor/2020.3.4f1/Editor/Data/Managed'
Mono path[1] = 'C:/Program Files/Unity/Hub/Editor/2020.3.4f1/Editor/Data/MonoBleedingEdge/lib/mono/unityjit'
Mono config path = 'C:/Program Files/Unity/Hub/Editor/2020.3.4f1/Editor/Data/MonoBleedingEdge/etc'
Using monoOptions --debugger-agent=transport=dt_socket,embedding=1,server=y,suspend=n,address=127.0.0.1:56532
Begin MonoManager ReloadAssembly
Registering precompiled unity dll's ...
Register platform support module: C:/Program Files/Unity/Hub/Editor/2020.3.4f1/Editor/Data/PlaybackEngines/WebGLSupport/UnityEditor.WebGL.Extensions.dll
Register platform support module: C:/Program Files/Unity/Hub/Editor/2020.3.4f1/Editor/Data/PlaybackEngines/WindowsStandaloneSupport/UnityEditor.WindowsStandalone.Extensions.dll
Registered in 0.003319 seconds.
Native extension for WindowsStandalone target not found
Native extension for WebGL target not found
Refreshing native plugins compatible for Editor in 50.95 ms, found 1 plugins.
Preloading 0 native plugins for Editor in 0.00 ms.
Mono: successfully reloaded assembly
- Completed reload, in  2.055 seconds
Platform modules already initialized, skipping
Registering precompiled user dll's ...
Registered in 0.001451 seconds.
Begin MonoManager ReloadAssembly
Native extension for WindowsStandalone target not found
Native extension for WebGL target not found
Refreshing native plugins compatible for Editor in 55.27 ms, found 1 plugins.
Preloading 0 native plugins for Editor in 0.00 ms.
Mono: successfully reloaded assembly
- Completed reload, in  1.682 seconds
Platform modules already initialized, skipping
========================================================================
Worker process is ready to serve import requests
Launched and connected shader compiler UnityShaderCompiler.exe after 0.06 seconds
Refreshing native plugins compatible for Editor in 0.39 ms, found 1 plugins.
Preloading 0 native plugins for Editor in 0.00 ms.
Unloading 1808 Unused Serialized files (Serialized files now loaded: 0)
System memory in use before: 84.8 MB.
System memory in use after: 84.8 MB.

Unloading 24 unused Assets to reduce memory usage. Loaded Objects now: 2250.
Total: 3.409000 ms (FindLiveObjects: 0.336600 ms CreateObjectMapping: 0.134400 ms MarkObjects: 2.743800 ms  DeleteObjects: 0.192300 ms)

========================================================================
Received Import Request.
  path: Assets
  artifactKey: Guid(00000000000000001000000000000000) Importer(815301076,1909f56bfc062723c751e8b465ee728b)
Start importing Assets using Guid(00000000000000001000000000000000) Importer(815301076,1909f56bfc062723c751e8b465ee728b)  -> (artifact id: '025e4f587c23674256bb898581e82961') in 0.020727 seconds
  Import took 0.027712 seconds .

========================================================================
Received Import Request.
  Time since last request: 0.000351 seconds.
  path: Assets/Art
  artifactKey: Guid(b0991d987c6a3e440b9811033afa66e7) Importer(815301076,1909f56bfc062723c751e8b465ee728b)
Start importing Assets/Art using Guid(b0991d987c6a3e440b9811033afa66e7) Importer(815301076,1909f56bfc062723c751e8b465ee728b)  -> (artifact id: 'd3abd39142574097f830a1be6be4b7e4') in 0.015791 seconds
  Import took 0.022038 seconds .

========================================================================
Received Import Request.
  Time since last request: 2.873909 seconds.
  path: Assets/Animations
  artifactKey: Guid(0831b2c62fbf9654db9171f858e58970) Importer(815301076,1909f56bfc062723c751e8b465ee728b)
Start importing Assets/Animations using Guid(0831b2c62fbf9654db9171f858e58970) Importer(815301076,1909f56bfc062723c751e8b465ee728b)  -> (artifact id: '35b98ed31039520a9cfeca81471dc7ca') in 0.012198 seconds
  Import took 0.017477 seconds .

========================================================================
Received Import Request.
  Time since last request: 6.133814 seconds.
  path: Assets/Audio
  artifactKey: Guid(3a6b32d06c01ee942b923b033ea0ff74) Importer(815301076,1909f56bfc062723c751e8b465ee728b)
Start importing Assets/Audio using Guid(3a6b32d06c01ee942b923b033ea0ff74) Importer(815301076,1909f56bfc062723c751e8b465ee728b)  -> (artifact id: '56745745423db4e4d547e4d70fc3f53a') in 0.011378 seconds
  Import took 0.015121 seconds .

========================================================================
Received Import Request.
  Time since last request: 8.229794 seconds.
  path: Assets/Scripts
  artifactKey: Guid(ece2a33a3fb39d84588c0e4120d88808) Importer(815301076,1909f56bfc062723c751e8b465ee728b)
Start importing Assets/Scripts using Guid(ece2a33a3fb39d84588c0e4120d88808) Importer(815301076,1909f56bfc062723c751e8b465ee728b)  -> (artifact id: 'e2824ff83816a03605c539688be7949a') in 0.009573 seconds
  Import took 0.014453 seconds .

========================================================================
Received Prepare
Registering precompiled user dll's ...
Registered in 0.001530 seconds.
Begin MonoManager ReloadAssembly
Native extension for WindowsStandalone target not found
Native extension for WebGL target not found
Refreshing native plugins compatible for Editor in 0.62 ms, found 1 plugins.
Preloading 0 native plugins for Editor in 0.00 ms.
Mono: successfully reloaded assembly
- Completed reload, in  1.399 seconds
Platform modules already initialized, skipping
Refreshing native plugins compatible for Editor in 0.42 ms, found 1 plugins.
Preloading 0 native plugins for Editor in 0.00 ms.
Unloading 1803 Unused Serialized files (Serialized files now loaded: 0)
System memory in use before: 84.8 MB.
System memory in use after: 84.7 MB.

Unloading 12 unused Assets to reduce memory usage. Loaded Objects now: 2254.
Total: 3.994100 ms (FindLiveObjects: 0.449700 ms CreateObjectMapping: 0.192800 ms MarkObjects: 3.159900 ms  DeleteObjects: 0.188800 ms)

========================================================================
Received Prepare
Registering precompiled user dll's ...
Registered in 0.001402 seconds.
Begin MonoManager ReloadAssembly
Native extension for WindowsStandalone target not found
Native extension for WebGL target not found
Refreshing native plugins compatible for Editor in 0.91 ms, found 1 plugins.
Preloading 0 native plugins for Editor in 0.00 ms.
Mono: successfully reloaded assembly
- Completed reload, in  1.598 seconds
Platform modules already initialized, skipping
Refreshing native plugins compatible for Editor in 0.40 ms, found 1 plugins.
Preloading 0 native plugins for Editor in 0.00 ms.
Unloading 1837 Unused Serialized files (Serialized files now loaded: 0)
System memory in use before: 85.7 MB.
System memory in use after: 85.7 MB.

Unloading 12 unused Assets to reduce memory usage. Loaded Objects now: 2292.
Total: 2.404400 ms (FindLiveObjects: 0.234400 ms CreateObjectMapping: 0.116800 ms MarkObjects: 1.935600 ms  DeleteObjects: 0.116200 ms)

========================================================================
Received Import Request.
  Time since last request: 62.429795 seconds.
  path: Assets/TextMesh Pro
  artifactKey: Guid(4e23de3282523a04892bc7d3c0076829) Importer(815301076,1909f56bfc062723c751e8b465ee728b)
Start importing Assets/TextMesh Pro using Guid(4e23de3282523a04892bc7d3c0076829) Importer(815301076,1909f56bfc062723c751e8b465ee728b)  -> (artifact id: '67ba4b5efedc6a310d302ffdcecf18e0') in 0.011195 seconds
  Import took 0.016633 seconds .

========================================================================
Received Import Request.
  Time since last request: 0.868257 seconds.
  path: Assets/TextMesh Pro/Fonts
  artifactKey: Guid(6ab70aee4d56447429c680537fbf93ed) Importer(815301076,1909f56bfc062723c751e8b465ee728b)
Start importing Assets/TextMesh Pro/Fonts using Guid(6ab70aee4d56447429c680537fbf93ed) Importer(815301076,1909f56bfc062723c751e8b465ee728b)  -> (artifact id: '5383a04d64dcc6165fe8cddce3fff058') in 0.008969 seconds
  Import took 0.013640 seconds .

========================================================================
Received Import Request.
  Time since last request: 0.195482 seconds.
  path: Assets/TextMesh Pro/Fonts/LiberationSans.ttf
  artifactKey: Guid(e3265ab4bf004d28a9537516768c1c75) Importer(815301076,1909f56bfc062723c751e8b465ee728b)
Start importing Assets/TextMesh Pro/Fonts/LiberationSans.ttf using Guid(e3265ab4bf004d28a9537516768c1c75) Importer(815301076,1909f56bfc062723c751e8b465ee728b)  -> (artifact id: '9b981ba84ad41e82821bbdec678e654f') in 0.291280 seconds
  Import took 0.296776 seconds .

========================================================================
Received Import Request.
  Time since last request: 7.207140 seconds.
  path: Assets/TextMesh Pro/Fonts/PrequelDemo-ShadowItalic.otf
  artifactKey: Guid(f932701730c62db4c8b0e2afba78e41b) Importer(815301076,1909f56bfc062723c751e8b465ee728b)
Start importing Assets/TextMesh Pro/Fonts/PrequelDemo-ShadowItalic.otf using Guid(f932701730c62db4c8b0e2afba78e41b) Importer(815301076,1909f56bfc062723c751e8b465ee728b)  -> (artifact id: 'aa24054eeef4292ad7e48e1c5516cd4a') in 0.031722 seconds
  Import took 0.039420 seconds .

========================================================================
Received Import Request.
  Time since last request: 0.005014 seconds.
  path: Assets/TextMesh Pro/Fonts/PrequelDemo-ShadowItalic.otf
  artifactKey: Guid(f932701730c62db4c8b0e2afba78e41b) Importer(815301076,1909f56bfc062723c751e8b465ee728b)
Start importing Assets/TextMesh Pro/Fonts/PrequelDemo-ShadowItalic.otf using Guid(f932701730c62db4c8b0e2afba78e41b) Importer(815301076,1909f56bfc062723c751e8b465ee728b)  -> (artifact id: 'aa24054eeef4292ad7e48e1c5516cd4a') in 0.019851 seconds
  Import took 0.028135 seconds .

========================================================================
Received Import Request.
  Time since last request: 13.176669 seconds.
  path: Assets/TextMesh Pro/Fonts/PrequelDemo-ShadowItalic SDF.asset
  artifactKey: Guid(9c251a4d518347b4eb2db9398aa39d5a) Importer(815301076,1909f56bfc062723c751e8b465ee728b)
Start importing Assets/TextMesh Pro/Fonts/PrequelDemo-ShadowItalic SDF.asset using Guid(9c251a4d518347b4eb2db9398aa39d5a) Importer(815301076,1909f56bfc062723c751e8b465ee728b) Shader 'TextMeshPro/Distance Field': fallback shader 'TextMeshPro/Mobile/Distance Field' not found
 -> (artifact id: 'c7e98ac3b4aba1df5260cb65778783fa') in 0.063274 seconds
  Import took 0.067358 seconds .

========================================================================
Received Import Request.
  Time since last request: 40.972094 seconds.
  path: Assets/Art/wp7527500.jpg
  artifactKey: Guid(db7a1a70e6e81644b80679878e8f09d5) Importer(815301076,1909f56bfc062723c751e8b465ee728b)
Start importing Assets/Art/wp7527500.jpg using Guid(db7a1a70e6e81644b80679878e8f09d5) Importer(815301076,1909f56bfc062723c751e8b465ee728b)  -> (artifact id: 'd15768afe106e3a80886b990d79b86db') in 0.056052 seconds
  Import took 0.060479 seconds .

========================================================================
Received Import Request.
  Time since last request: 10.225119 seconds.
  path: Assets/Art/In the beginning there were 5.jpg
  artifactKey: Guid(db7a1a70e6e81644b80679878e8f09d5) Importer(815301076,1909f56bfc062723c751e8b465ee728b)
Start importing Assets/Art/In the beginning there were 5.jpg using Guid(db7a1a70e6e81644b80679878e8f09d5) Importer(815301076,1909f56bfc062723c751e8b465ee728b)  -> (artifact id: 'e267a0159e8fc09e56f485ee2e3bfa3c') in 0.027204 seconds
  Import took 0.032468 seconds .

========================================================================
Received Import Request.
  Time since last request: 60.393302 seconds.
  path: Assets/TextMesh Pro/Fonts/PrequelDemo-ShadowItalic SDF.asset
  artifactKey: Guid(9c251a4d518347b4eb2db9398aa39d5a) Importer(815301076,1909f56bfc062723c751e8b465ee728b)
Start importing Assets/TextMesh Pro/Fonts/PrequelDemo-ShadowItalic SDF.asset using Guid(9c251a4d518347b4eb2db9398aa39d5a) Importer(815301076,1909f56bfc062723c751e8b465ee728b) Shader 'TextMeshPro/Distance Field': fallback shader 'TextMeshPro/Mobile/Distance Field' not found
 -> (artifact id: 'be34b83979cb431b659a8484b1b6fb0a') in 0.037548 seconds
  Import took 0.043337 seconds .

========================================================================
Received Import Request.
  Time since last request: 25.821411 seconds.
  path: Assets/Scenes/SampleScene.unity
  artifactKey: Guid(2cda990e2423bbf4892e6590ba056729) Importer(815301076,1909f56bfc062723c751e8b465ee728b)
Start importing Assets/Scenes/SampleScene.unity using Guid(2cda990e2423bbf4892e6590ba056729) Importer(815301076,1909f56bfc062723c751e8b465ee728b)  -> (artifact id: 'f36fc83d6314cda48b47f550520830db') in 0.011168 seconds
  Import took 0.015018 seconds .

========================================================================
Received Import Request.
  Time since last request: 14.181871 seconds.
  path: Assets/Scenes/Menu_Scene.unity
  artifactKey: Guid(2cda990e2423bbf4892e6590ba056729) Importer(815301076,1909f56bfc062723c751e8b465ee728b)
Start importing Assets/Scenes/Menu_Scene.unity using Guid(2cda990e2423bbf4892e6590ba056729) Importer(815301076,1909f56bfc062723c751e8b465ee728b)  -> (artifact id: 'a095d9e764ecac4af8c4a37d9a77d351') in 0.012052 seconds
  Import took 0.018589 seconds .

AssetImportWorkerClient::OnTransportError - code=2 error=End of file
